Arguments: 
  C:\Program Files\nodejs\node.exe C:\Users\Smag\AppData\Roaming\npm\node_modules\yarn\bin\yarn.js add paper-button paper-input

PATH: 
  C:\Program Files (x86)\Common Files\Oracle\Java\javapath;C:\WINDOWS\system32;C:\WINDOWS;C:\WINDOWS\System32\Wbem;C:\WINDOWS\System32\WindowsPowerShell\v1.0\;C:\Program Files\Git\cmd;C:\Program Files\PuTTY\;C:\Program Files (x86)\Windows Kits\8.1\Windows Performance Toolkit\;C:\Go\bin;C:\WINDOWS\System32\OpenSSH\;C:\Program Files\nodejs\;C:\Users\Smag\.nvmw\;C:\Users\Smag\.nvmw\latest;C:\Users\Smag\AppData\Local\Microsoft\WindowsApps;C:\Users\Smag\AppData\Local\atom\bin;C:\Users\Smag\AppData\Local\Microsoft\WindowsApps;C:\Program Files\Heroku\bin;C:\Users\Smag\AppData\Roaming\npm

Yarn version: 
  1.6.0

Node version: 
  10.5.0

Platform: 
  win32 x64

Trace: 
  Error: EPERM: operation not permitted, unlink 'C:\Users\Smag\Documents\dev\spoggy3\node_modules\polymer-cli\node_modules\selenium-standalone\.selenium\iedriver\3.12.0-x64-IEDriverServer.exe'

npm manifest: 
  {
    "name": "Spoggy",
    "version": "3.0.0",
    "contributors": [
      "The Polymer Authors"
    ],
    "cjs": true,
    "license": "BSD-3-Clause",
    "repository": "scenaristeur/spoggy3",
    "scripts": {
      "start": "polymer serve",
      "build": "npm run build:prpl-server && npm run build:static",
      "build:prpl-server": "polymer build --auto-base-path && gulp prpl-server",
      "build:static": "polymer build",
      "serve:prpl-server": "prpl-server --root server/build",
      "serve:static": "polymer serve --port 5000 build/es5-bundled",
      "test": "npm run test:unit && npm run test:integration",
      "test:integration": "mocha test/integration --timeout=10000",
      "test:unit": "polymer test --module-resolution=node --npm",
      "test:sauce": "polymer test --module-resolution=node --npm -s 'windows 10/microsoftedge@17' -s 'macos 10.13/safari@11'",
      "test:regenerate_screenshots": "mocha test/integration/screenshots-baseline/regenerate.js --timeout=15000"
    },
    "dependencies": {
      "@polymer/app-layout": "^3.0.0-pre.21",
      "@polymer/lit-element": "^0.5.2",
      "@webcomponents/webcomponentsjs": "^2.0.0",
      "compression": "^1.6.1",
      "express": "^4.13.4",
      "paper-button": "0.0.0",
      "pwa-helpers": "^0.8.2",
      "redux": "^4.0.0",
      "redux-thunk": "^2.3.0",
      "reselect": "^3.0.1",
      "socket.io": "^2.1.1",
      "socket.io-client": "^2.1.1"
    },
    "devDependencies": {
      "axe-core": "^3.0.0",
      "chai": "^4.1.2",
      "del": "^3.0.0",
      "gulp": "^4.0.0",
      "gulp-rename": "^1.3.0",
      "gulp-replace": "^1.0.0",
      "mocha": "^5.2.0",
      "pixelmatch": "^4.0.2",
      "polymer-cli": "^1.8.0",
      "polyserve": "^0.27.0",
      "prpl-server": "^1.2.0",
      "puppeteer": "^1.5.0",
      "wct-browser-legacy": "^1.0.1",
      "babel-core": "^6.8.0",
      "babel-loader": "^6.2.4",
      "babel-preset-es2015": "^6.6.0",
      "gulp-babel": "^6.1.2",
      "gulp-nodemon": "^2.0.7",
      "webpack": "^1.13.0",
      "webpack-stream": "^3.2.0"
    }
  }

yarn manifest: 
  No manifest

Lockfile: 
  No lockfile
